ERROR - 2022-06-01 09:43:04 --> Column 'org_id' cannot be null
CRITICAL - 2022-06-01 09:43:04 --> Column 'org_id' cannot be null
#0 C:\xampp\htdocs\ballotify.com\backend\main\system\Database\MySQLi\Connection.php(292): mysqli->query('INSERT INTO `tb...', 0)
#1 C:\xampp\htdocs\ballotify.com\backend\main\system\Database\BaseConnection.php(670): CodeIgniter\Database\MySQLi\Connection->execute('INSERT INTO `tb...')
#2 C:\xampp\htdocs\ballotify.com\backend\main\system\Database\BaseConnection.php(598): CodeIgniter\Database\BaseConnection->simpleQuery('INSERT INTO `tb...')
#3 C:\xampp\htdocs\ballotify.com\backend\main\system\Database\BaseBuilder.php(1771): CodeIgniter\Database\BaseConnection->query('INSERT INTO `tb...', Array, false)
#4 C:\xampp\htdocs\ballotify.com\backend\main\system\Model.php(239): CodeIgniter\Database\BaseBuilder->insert()
#5 C:\xampp\htdocs\ballotify.com\backend\main\system\BaseModel.php(738): CodeIgniter\Model->doInsert(Array)
#6 C:\xampp\htdocs\ballotify.com\backend\main\system\Model.php(625): CodeIgniter\BaseModel->insert(Array, false)
#7 C:\xampp\htdocs\ballotify.com\backend\main\system\BaseModel.php(658): CodeIgniter\Model->insert(Array, false)
#8 C:\xampp\htdocs\ballotify.com\backend\main\app\Controllers\Admin\GroupsController.php(25): CodeIgniter\BaseModel->save(Array)
#9 C:\xampp\htdocs\ballotify.com\backend\main\system\CodeIgniter.php(832): App\Controllers\Admin\GroupsController->saveNewGroup()
#10 C:\xampp\htdocs\ballotify.com\backend\main\system\CodeIgniter.php(419): CodeIgniter\CodeIgniter->runController(Object(App\Controllers\Admin\GroupsController))
#11 C:\xampp\htdocs\ballotify.com\backend\main\system\CodeIgniter.php(326): CodeIgniter\CodeIgniter->handleRequest(NULL, Object(Config\Cache), false)
#12 C:\xampp\htdocs\ballotify.com\backend\public\index.php(37): CodeIgniter\CodeIgniter->run()
#13 {main}
ERROR - 2022-06-01 09:44:58 --> Column 'org_id' cannot be null
CRITICAL - 2022-06-01 09:44:58 --> Column 'org_id' cannot be null
#0 C:\xampp\htdocs\ballotify.com\backend\main\system\Database\MySQLi\Connection.php(292): mysqli->query('INSERT INTO `tb...', 0)
#1 C:\xampp\htdocs\ballotify.com\backend\main\system\Database\BaseConnection.php(670): CodeIgniter\Database\MySQLi\Connection->execute('INSERT INTO `tb...')
#2 C:\xampp\htdocs\ballotify.com\backend\main\system\Database\BaseConnection.php(598): CodeIgniter\Database\BaseConnection->simpleQuery('INSERT INTO `tb...')
#3 C:\xampp\htdocs\ballotify.com\backend\main\system\Database\BaseBuilder.php(1771): CodeIgniter\Database\BaseConnection->query('INSERT INTO `tb...', Array, false)
#4 C:\xampp\htdocs\ballotify.com\backend\main\system\Model.php(239): CodeIgniter\Database\BaseBuilder->insert()
#5 C:\xampp\htdocs\ballotify.com\backend\main\system\BaseModel.php(738): CodeIgniter\Model->doInsert(Array)
#6 C:\xampp\htdocs\ballotify.com\backend\main\system\Model.php(625): CodeIgniter\BaseModel->insert(Array, false)
#7 C:\xampp\htdocs\ballotify.com\backend\main\system\BaseModel.php(658): CodeIgniter\Model->insert(Array, false)
#8 C:\xampp\htdocs\ballotify.com\backend\main\app\Controllers\Admin\GroupsController.php(25): CodeIgniter\BaseModel->save(Array)
#9 C:\xampp\htdocs\ballotify.com\backend\main\system\CodeIgniter.php(832): App\Controllers\Admin\GroupsController->saveNewGroup()
#10 C:\xampp\htdocs\ballotify.com\backend\main\system\CodeIgniter.php(419): CodeIgniter\CodeIgniter->runController(Object(App\Controllers\Admin\GroupsController))
#11 C:\xampp\htdocs\ballotify.com\backend\main\system\CodeIgniter.php(326): CodeIgniter\CodeIgniter->handleRequest(NULL, Object(Config\Cache), false)
#12 C:\xampp\htdocs\ballotify.com\backend\public\index.php(37): CodeIgniter\CodeIgniter->run()
#13 {main}
