CRITICAL - 2022-10-15 09:29:56 --> Call to a member function setContentType() on null
in SYSTEMPATH\API\ResponseTrait.php on line 327.
 1 SYSTEMPATH\API\ResponseTrait.php(99): App\Controllers\Admin\VotingSettingsController->format([...])
 2 APPPATH\Controllers\Admin\VotingSettingsController.php(174): App\Controllers\Admin\VotingSettingsController->respond([...])
 3 APPPATH\Controllers\VotingController.php(81): App\Controllers\Admin\VotingSettingsController->getVoters('BBHK-E21')
 4 SYSTEMPATH\CodeIgniter.php(896): App\Controllers\VotingController->votingDataQuery('BBHK-E21')
 5 SYSTEMPATH\CodeIgniter.php(466): CodeIgniter\CodeIgniter->runController(Object(App\Controllers\VotingController))
 6 SYSTEMPATH\CodeIgniter.php(349): CodeIgniter\CodeIgniter->handleRequest(null, Object(Config\Cache), false)
 7 FCPATH\index.php(55): CodeIgniter\CodeIgniter->run()
CRITICAL - 2022-10-15 09:30:35 --> Call to a member function setContentType() on null
in SYSTEMPATH\API\ResponseTrait.php on line 327.
 1 SYSTEMPATH\API\ResponseTrait.php(99): App\Controllers\Admin\VotingSettingsController->format([...])
 2 APPPATH\Controllers\Admin\VotingSettingsController.php(174): App\Controllers\Admin\VotingSettingsController->respond([...])
 3 APPPATH\Controllers\VotingController.php(81): App\Controllers\Admin\VotingSettingsController->getVoters('BBHK-E21')
 4 SYSTEMPATH\CodeIgniter.php(896): App\Controllers\VotingController->votingDataQuery('BBHK-E21')
 5 SYSTEMPATH\CodeIgniter.php(466): CodeIgniter\CodeIgniter->runController(Object(App\Controllers\VotingController))
 6 SYSTEMPATH\CodeIgniter.php(349): CodeIgniter\CodeIgniter->handleRequest(null, Object(Config\Cache), false)
 7 FCPATH\index.php(55): CodeIgniter\CodeIgniter->run()
CRITICAL - 2022-10-15 09:30:36 --> Call to a member function setContentType() on null
in SYSTEMPATH\API\ResponseTrait.php on line 327.
 1 SYSTEMPATH\API\ResponseTrait.php(99): App\Controllers\Admin\VotingSettingsController->format([...])
 2 APPPATH\Controllers\Admin\VotingSettingsController.php(174): App\Controllers\Admin\VotingSettingsController->respond([...])
 3 APPPATH\Controllers\VotingController.php(81): App\Controllers\Admin\VotingSettingsController->getVoters('BBHK-E21')
 4 SYSTEMPATH\CodeIgniter.php(896): App\Controllers\VotingController->votingDataQuery('BBHK-E21')
 5 SYSTEMPATH\CodeIgniter.php(466): CodeIgniter\CodeIgniter->runController(Object(App\Controllers\VotingController))
 6 SYSTEMPATH\CodeIgniter.php(349): CodeIgniter\CodeIgniter->handleRequest(null, Object(Config\Cache), false)
 7 FCPATH\index.php(55): CodeIgniter\CodeIgniter->run()
CRITICAL - 2022-10-15 09:30:36 --> Call to a member function setContentType() on null
in SYSTEMPATH\API\ResponseTrait.php on line 327.
 1 SYSTEMPATH\API\ResponseTrait.php(99): App\Controllers\Admin\VotingSettingsController->format([...])
 2 APPPATH\Controllers\Admin\VotingSettingsController.php(174): App\Controllers\Admin\VotingSettingsController->respond([...])
 3 APPPATH\Controllers\VotingController.php(81): App\Controllers\Admin\VotingSettingsController->getVoters('BBHK-E21')
 4 SYSTEMPATH\CodeIgniter.php(896): App\Controllers\VotingController->votingDataQuery('BBHK-E21')
 5 SYSTEMPATH\CodeIgniter.php(466): CodeIgniter\CodeIgniter->runController(Object(App\Controllers\VotingController))
 6 SYSTEMPATH\CodeIgniter.php(349): CodeIgniter\CodeIgniter->handleRequest(null, Object(Config\Cache), false)
 7 FCPATH\index.php(55): CodeIgniter\CodeIgniter->run()
CRITICAL - 2022-10-15 09:30:38 --> Call to a member function setContentType() on null
in SYSTEMPATH\API\ResponseTrait.php on line 327.
 1 SYSTEMPATH\API\ResponseTrait.php(99): App\Controllers\Admin\VotingSettingsController->format([...])
 2 APPPATH\Controllers\Admin\VotingSettingsController.php(174): App\Controllers\Admin\VotingSettingsController->respond([...])
 3 APPPATH\Controllers\VotingController.php(81): App\Controllers\Admin\VotingSettingsController->getVoters('BBHK-E21')
 4 SYSTEMPATH\CodeIgniter.php(896): App\Controllers\VotingController->votingDataQuery('BBHK-E21')
 5 SYSTEMPATH\CodeIgniter.php(466): CodeIgniter\CodeIgniter->runController(Object(App\Controllers\VotingController))
 6 SYSTEMPATH\CodeIgniter.php(349): CodeIgniter\CodeIgniter->handleRequest(null, Object(Config\Cache), false)
 7 FCPATH\index.php(55): CodeIgniter\CodeIgniter->run()
CRITICAL - 2022-10-15 09:30:43 --> Call to a member function setContentType() on null
in SYSTEMPATH\API\ResponseTrait.php on line 327.
 1 SYSTEMPATH\API\ResponseTrait.php(99): App\Controllers\Admin\VotingSettingsController->format([...])
 2 APPPATH\Controllers\Admin\VotingSettingsController.php(174): App\Controllers\Admin\VotingSettingsController->respond([...])
 3 APPPATH\Controllers\VotingController.php(81): App\Controllers\Admin\VotingSettingsController->getVoters('BBHK-E21')
 4 SYSTEMPATH\CodeIgniter.php(896): App\Controllers\VotingController->votingDataQuery('BBHK-E21')
 5 SYSTEMPATH\CodeIgniter.php(466): CodeIgniter\CodeIgniter->runController(Object(App\Controllers\VotingController))
 6 SYSTEMPATH\CodeIgniter.php(349): CodeIgniter\CodeIgniter->handleRequest(null, Object(Config\Cache), false)
 7 FCPATH\index.php(55): CodeIgniter\CodeIgniter->run()
CRITICAL - 2022-10-15 09:30:49 --> Call to a member function setContentType() on null
in SYSTEMPATH\API\ResponseTrait.php on line 327.
 1 SYSTEMPATH\API\ResponseTrait.php(99): App\Controllers\Admin\VotingSettingsController->format([...])
 2 APPPATH\Controllers\Admin\VotingSettingsController.php(174): App\Controllers\Admin\VotingSettingsController->respond([...])
 3 APPPATH\Controllers\VotingController.php(81): App\Controllers\Admin\VotingSettingsController->getVoters('BBHK-E21')
 4 SYSTEMPATH\CodeIgniter.php(896): App\Controllers\VotingController->votingDataQuery('BBHK-E21')
 5 SYSTEMPATH\CodeIgniter.php(466): CodeIgniter\CodeIgniter->runController(Object(App\Controllers\VotingController))
 6 SYSTEMPATH\CodeIgniter.php(349): CodeIgniter\CodeIgniter->handleRequest(null, Object(Config\Cache), false)
 7 FCPATH\index.php(55): CodeIgniter\CodeIgniter->run()
CRITICAL - 2022-10-15 09:30:54 --> Call to a member function setContentType() on null
in SYSTEMPATH\API\ResponseTrait.php on line 327.
 1 SYSTEMPATH\API\ResponseTrait.php(99): App\Controllers\Admin\VotingSettingsController->format([...])
 2 APPPATH\Controllers\Admin\VotingSettingsController.php(174): App\Controllers\Admin\VotingSettingsController->respond([...])
 3 APPPATH\Controllers\VotingController.php(81): App\Controllers\Admin\VotingSettingsController->getVoters('BBHK-E21')
 4 SYSTEMPATH\CodeIgniter.php(896): App\Controllers\VotingController->votingDataQuery('BBHK-E21')
 5 SYSTEMPATH\CodeIgniter.php(466): CodeIgniter\CodeIgniter->runController(Object(App\Controllers\VotingController))
 6 SYSTEMPATH\CodeIgniter.php(349): CodeIgniter\CodeIgniter->handleRequest(null, Object(Config\Cache), false)
 7 FCPATH\index.php(55): CodeIgniter\CodeIgniter->run()
CRITICAL - 2022-10-15 09:30:59 --> Call to a member function setContentType() on null
in SYSTEMPATH\API\ResponseTrait.php on line 327.
 1 SYSTEMPATH\API\ResponseTrait.php(99): App\Controllers\Admin\VotingSettingsController->format([...])
 2 APPPATH\Controllers\Admin\VotingSettingsController.php(174): App\Controllers\Admin\VotingSettingsController->respond([...])
 3 APPPATH\Controllers\VotingController.php(81): App\Controllers\Admin\VotingSettingsController->getVoters('BBHK-E21')
 4 SYSTEMPATH\CodeIgniter.php(896): App\Controllers\VotingController->votingDataQuery('BBHK-E21')
 5 SYSTEMPATH\CodeIgniter.php(466): CodeIgniter\CodeIgniter->runController(Object(App\Controllers\VotingController))
 6 SYSTEMPATH\CodeIgniter.php(349): CodeIgniter\CodeIgniter->handleRequest(null, Object(Config\Cache), false)
 7 FCPATH\index.php(55): CodeIgniter\CodeIgniter->run()
CRITICAL - 2022-10-15 09:31:22 --> Call to a member function setContentType() on null
in SYSTEMPATH\API\ResponseTrait.php on line 327.
 1 SYSTEMPATH\API\ResponseTrait.php(99): App\Controllers\Admin\VotingSettingsController->format([...])
 2 APPPATH\Controllers\Admin\VotingSettingsController.php(174): App\Controllers\Admin\VotingSettingsController->respond([...])
 3 APPPATH\Controllers\VotingController.php(81): App\Controllers\Admin\VotingSettingsController->getVoters('BBHK-E21')
 4 SYSTEMPATH\CodeIgniter.php(896): App\Controllers\VotingController->votingDataQuery('BBHK-E21')
 5 SYSTEMPATH\CodeIgniter.php(466): CodeIgniter\CodeIgniter->runController(Object(App\Controllers\VotingController))
 6 SYSTEMPATH\CodeIgniter.php(349): CodeIgniter\CodeIgniter->handleRequest(null, Object(Config\Cache), false)
 7 FCPATH\index.php(55): CodeIgniter\CodeIgniter->run()
CRITICAL - 2022-10-15 10:01:10 --> Maximum execution time of 120 seconds exceeded
in SYSTEMPATH\Common.php on line 88.
 1 [internal function]: CodeIgniter\Debug\Exceptions->shutdownHandler()
CRITICAL - 2022-10-15 10:33:56 --> syntax error, unexpected token "(", expecting identifier or variable or "{" or "$"
in APPPATH\Controllers\VotingController.php on line 75.
 1 SYSTEMPATH\Autoloader\Autoloader.php(261): CodeIgniter\Autoloader\Autoloader->includeFile('APPPATH\\Controllers\\VotingController.php')
 2 SYSTEMPATH\Autoloader\Autoloader.php(239): CodeIgniter\Autoloader\Autoloader->loadInNamespace('App\\Controllers\\VotingController')
 3 [internal function]: CodeIgniter\Autoloader\Autoloader->loadClass('App\\Controllers\\VotingController')
 4 SYSTEMPATH\CodeIgniter.php(846): class_exists('\\App\\Controllers\\VotingController', true)
 5 SYSTEMPATH\CodeIgniter.php(453): CodeIgniter\CodeIgniter->startController()
 6 SYSTEMPATH\CodeIgniter.php(349): CodeIgniter\CodeIgniter->handleRequest(null, Object(Config\Cache), false)
 7 FCPATH\index.php(55): CodeIgniter\CodeIgniter->run()
CRITICAL - 2022-10-15 16:01:42 --> Failed to parse time string (1) at position 0 (1): Unexpected character
in SYSTEMPATH\I18n\Time.php on line 100.
 1 SYSTEMPATH\I18n\Time.php(100): DateTime->__construct('1', Object(DateTimeZone))
 2 SYSTEMPATH\I18n\Time.php(131): CodeIgniter\I18n\Time->__construct('1', 'America/Chicago', null)
 3 APPPATH\Controllers\Admin\VotingSettingsController.php(173): CodeIgniter\I18n\Time::parse('1')
 4 SYSTEMPATH\CodeIgniter.php(896): App\Controllers\Admin\VotingSettingsController->getVoters('BBHK-E21')
 5 SYSTEMPATH\CodeIgniter.php(466): CodeIgniter\CodeIgniter->runController(Object(App\Controllers\Admin\VotingSettingsController))
 6 SYSTEMPATH\CodeIgniter.php(349): CodeIgniter\CodeIgniter->handleRequest(null, Object(Config\Cache), false)
 7 FCPATH\index.php(55): CodeIgniter\CodeIgniter->run()
CRITICAL - 2022-10-15 16:01:42 --> Failed to parse time string (1) at position 0 (1): Unexpected character
in SYSTEMPATH\I18n\Time.php on line 100.
 1 SYSTEMPATH\I18n\Time.php(100): DateTime->__construct('1', Object(DateTimeZone))
 2 SYSTEMPATH\I18n\Time.php(131): CodeIgniter\I18n\Time->__construct('1', 'America/Chicago', null)
 3 APPPATH\Controllers\Admin\VotingSettingsController.php(173): CodeIgniter\I18n\Time::parse('1')
 4 SYSTEMPATH\CodeIgniter.php(896): App\Controllers\Admin\VotingSettingsController->getVoters('BBHK-E21')
 5 SYSTEMPATH\CodeIgniter.php(466): CodeIgniter\CodeIgniter->runController(Object(App\Controllers\Admin\VotingSettingsController))
 6 SYSTEMPATH\CodeIgniter.php(349): CodeIgniter\CodeIgniter->handleRequest(null, Object(Config\Cache), false)
 7 FCPATH\index.php(55): CodeIgniter\CodeIgniter->run()
