CRITICAL - 2022-06-21 11:45:37 --> Class "App\Models\MembersModel" not found
in APPPATH\Controllers\Admin\MembersController.php on line 13.
 1 SYSTEMPATH\CodeIgniter.php(896): App\Controllers\Admin\MembersController->getMembers('B-Pro27KL')
 2 SYSTEMPATH\CodeIgniter.php(466): CodeIgniter\CodeIgniter->runController(Object(App\Controllers\Admin\MembersController))
 3 SYSTEMPATH\CodeIgniter.php(349): CodeIgniter\CodeIgniter->handleRequest(null, Object(Config\Cache), false)
 4 FCPATH\index.php(55): CodeIgniter\CodeIgniter->run()
CRITICAL - 2022-06-21 11:45:37 --> Class "App\Models\GroupsModel" not found
in APPPATH\Controllers\Admin\GroupsController.php on line 34.
 1 SYSTEMPATH\CodeIgniter.php(896): App\Controllers\Admin\GroupsController->getGroupNames('B-Pro27KL')
 2 SYSTEMPATH\CodeIgniter.php(466): CodeIgniter\CodeIgniter->runController(Object(App\Controllers\Admin\GroupsController))
 3 SYSTEMPATH\CodeIgniter.php(349): CodeIgniter\CodeIgniter->handleRequest(null, Object(Config\Cache), false)
 4 FCPATH\index.php(55): CodeIgniter\CodeIgniter->run()
CRITICAL - 2022-06-21 11:45:37 --> Class "App\Models\GroupsModel" not found
in APPPATH\Controllers\Admin\GroupsController.php on line 34.
 1 SYSTEMPATH\CodeIgniter.php(896): App\Controllers\Admin\GroupsController->getGroupNames('B-Pro27KL')
 2 SYSTEMPATH\CodeIgniter.php(466): CodeIgniter\CodeIgniter->runController(Object(App\Controllers\Admin\GroupsController))
 3 SYSTEMPATH\CodeIgniter.php(349): CodeIgniter\CodeIgniter->handleRequest(null, Object(Config\Cache), false)
 4 FCPATH\index.php(55): CodeIgniter\CodeIgniter->run()
CRITICAL - 2022-06-21 11:45:37 --> Class "App\Models\MembersModel" not found
in APPPATH\Controllers\Admin\MembersController.php on line 13.
 1 SYSTEMPATH\CodeIgniter.php(896): App\Controllers\Admin\MembersController->getMembers('B-Pro27KL')
 2 SYSTEMPATH\CodeIgniter.php(466): CodeIgniter\CodeIgniter->runController(Object(App\Controllers\Admin\MembersController))
 3 SYSTEMPATH\CodeIgniter.php(349): CodeIgniter\CodeIgniter->handleRequest(null, Object(Config\Cache), false)
 4 FCPATH\index.php(55): CodeIgniter\CodeIgniter->run()
CRITICAL - 2022-06-21 11:45:37 --> Class "App\Models\GroupsModel" not found
in APPPATH\Controllers\Admin\GroupsController.php on line 34.
 1 SYSTEMPATH\CodeIgniter.php(896): App\Controllers\Admin\GroupsController->getGroupNames('B-Pro27KL')
 2 SYSTEMPATH\CodeIgniter.php(466): CodeIgniter\CodeIgniter->runController(Object(App\Controllers\Admin\GroupsController))
 3 SYSTEMPATH\CodeIgniter.php(349): CodeIgniter\CodeIgniter->handleRequest(null, Object(Config\Cache), false)
 4 FCPATH\index.php(55): CodeIgniter\CodeIgniter->run()
CRITICAL - 2022-06-21 11:45:44 --> Class "App\Models\GroupsModel" not found
in APPPATH\Controllers\Admin\GroupsController.php on line 34.
 1 SYSTEMPATH\CodeIgniter.php(896): App\Controllers\Admin\GroupsController->getGroupNames('B-Pro27KL')
 2 SYSTEMPATH\CodeIgniter.php(466): CodeIgniter\CodeIgniter->runController(Object(App\Controllers\Admin\GroupsController))
 3 SYSTEMPATH\CodeIgniter.php(349): CodeIgniter\CodeIgniter->handleRequest(null, Object(Config\Cache), false)
 4 FCPATH\index.php(55): CodeIgniter\CodeIgniter->run()
CRITICAL - 2022-06-21 11:45:44 --> Class "App\Models\GroupsModel" not found
in APPPATH\Controllers\Admin\GroupsController.php on line 34.
 1 SYSTEMPATH\CodeIgniter.php(896): App\Controllers\Admin\GroupsController->getGroupNames('B-Pro27KL')
 2 SYSTEMPATH\CodeIgniter.php(466): CodeIgniter\CodeIgniter->runController(Object(App\Controllers\Admin\GroupsController))
 3 SYSTEMPATH\CodeIgniter.php(349): CodeIgniter\CodeIgniter->handleRequest(null, Object(Config\Cache), false)
 4 FCPATH\index.php(55): CodeIgniter\CodeIgniter->run()
CRITICAL - 2022-06-21 11:45:44 --> Class "App\Models\MembersModel" not found
in APPPATH\Controllers\Admin\MembersController.php on line 13.
 1 SYSTEMPATH\CodeIgniter.php(896): App\Controllers\Admin\MembersController->getMembers('B-Pro27KL')
 2 SYSTEMPATH\CodeIgniter.php(466): CodeIgniter\CodeIgniter->runController(Object(App\Controllers\Admin\MembersController))
 3 SYSTEMPATH\CodeIgniter.php(349): CodeIgniter\CodeIgniter->handleRequest(null, Object(Config\Cache), false)
 4 FCPATH\index.php(55): CodeIgniter\CodeIgniter->run()
CRITICAL - 2022-06-21 11:45:44 --> Class "App\Models\MembersModel" not found
in APPPATH\Controllers\Admin\MembersController.php on line 13.
 1 SYSTEMPATH\CodeIgniter.php(896): App\Controllers\Admin\MembersController->getMembers('B-Pro27KL')
 2 SYSTEMPATH\CodeIgniter.php(466): CodeIgniter\CodeIgniter->runController(Object(App\Controllers\Admin\MembersController))
 3 SYSTEMPATH\CodeIgniter.php(349): CodeIgniter\CodeIgniter->handleRequest(null, Object(Config\Cache), false)
 4 FCPATH\index.php(55): CodeIgniter\CodeIgniter->run()
CRITICAL - 2022-06-21 11:45:45 --> Class "App\Models\GroupsModel" not found
in APPPATH\Controllers\Admin\GroupsController.php on line 34.
 1 SYSTEMPATH\CodeIgniter.php(896): App\Controllers\Admin\GroupsController->getGroupNames('B-Pro27KL')
 2 SYSTEMPATH\CodeIgniter.php(466): CodeIgniter\CodeIgniter->runController(Object(App\Controllers\Admin\GroupsController))
 3 SYSTEMPATH\CodeIgniter.php(349): CodeIgniter\CodeIgniter->handleRequest(null, Object(Config\Cache), false)
 4 FCPATH\index.php(55): CodeIgniter\CodeIgniter->run()
CRITICAL - 2022-06-21 11:45:46 --> Class "App\Models\MembersModel" not found
in APPPATH\Controllers\Admin\MembersController.php on line 104.
 1 APPPATH\Controllers\Admin\OrgController.php(14): App\Controllers\Admin\MembersController->countMembersInOrg('B-Pro27KL')
 2 SYSTEMPATH\CodeIgniter.php(896): App\Controllers\Admin\OrgController->getOverview('B-Pro27KL')
 3 SYSTEMPATH\CodeIgniter.php(466): CodeIgniter\CodeIgniter->runController(Object(App\Controllers\Admin\OrgController))
 4 SYSTEMPATH\CodeIgniter.php(349): CodeIgniter\CodeIgniter->handleRequest(null, Object(Config\Cache), false)
 5 FCPATH\index.php(55): CodeIgniter\CodeIgniter->run()
CRITICAL - 2022-06-21 11:46:20 --> Class "App\Models\UserModel" not found
in APPPATH\Controllers\Admin\UserController.php on line 61.
 1 APPPATH\Controllers\Admin\LoginController.php(17): App\Controllers\Admin\UserController->getUserWithEmail('emeka@mail.com')
 2 SYSTEMPATH\CodeIgniter.php(896): App\Controllers\Admin\LoginController->login()
 3 SYSTEMPATH\CodeIgniter.php(466): CodeIgniter\CodeIgniter->runController(Object(App\Controllers\Admin\LoginController))
 4 SYSTEMPATH\CodeIgniter.php(349): CodeIgniter\CodeIgniter->handleRequest(null, Object(Config\Cache), false)
 5 FCPATH\index.php(55): CodeIgniter\CodeIgniter->run()
